<?xml version="1.0" encoding="UTF-8"?>
<!-- Generated by org.testng.reporters.JUnitXMLReporter -->
<testsuite hostname="DESKTOP-5BTUEF9" ignored="0" name="Default test" tests="6" failures="0" timestamp="23 Jan 2019 09:29:27 GMT" time="4.513" errors="0">
  <testcase name="checkDataforMovieID" time="2.28" classname="com.themoviedb.movietest.Find_Movie_ExternalID_Test"/>
  <testcase name="checkDataforMovieID" time="0.429" classname="com.themoviedb.movietest.Find_Movie_ExternalID_Test"/>
  <testcase name="checkDataforMovieID" time="0.423" classname="com.themoviedb.movietest.Find_Movie_ExternalID_Test"/>
  <testcase name="checkDataforMovieID" time="0.469" classname="com.themoviedb.movietest.Find_Movie_ExternalID_Test"/>
  <testcase name="checkDataforMovieID" time="0.454" classname="com.themoviedb.movietest.Find_Movie_ExternalID_Test"/>
  <testcase name="checkDataforMovieID" time="0.42" classname="com.themoviedb.movietest.Find_Movie_ExternalID_Test"/>
</testsuite> <!-- Default test -->
