<?xml version="1.0" encoding="UTF-8"?>
<!-- Generated by org.testng.reporters.JUnitXMLReporter -->
<testsuite hostname="DESKTOP-5BTUEF9" ignored="0" name="Test 1" tests="38" failures="0" timestamp="23 Jan 2019 09:28:54 GMT" time="39.431" errors="0">
  <testcase name="checkDataforMovieID" time="2.352" classname="com.themoviedb.movietest.Find_Movie_ExternalID_Test"/>
  <testcase name="checkDataforMovieID" time="0.381" classname="com.themoviedb.movietest.Find_Movie_ExternalID_Test"/>
  <testcase name="checkDataforMovieID" time="0.434" classname="com.themoviedb.movietest.Find_Movie_ExternalID_Test"/>
  <testcase name="checkDataforMovieID" time="0.538" classname="com.themoviedb.movietest.Find_Movie_ExternalID_Test"/>
  <testcase name="checkDataforMovieID" time="0.471" classname="com.themoviedb.movietest.Find_Movie_ExternalID_Test"/>
  <testcase name="checkDataforMovieID" time="0.48" classname="com.themoviedb.movietest.Find_Movie_ExternalID_Test"/>
  <testcase name="checkDataforMovieID" time="0.52" classname="com.themoviedb.movietest.Get_Details_Test"/>
  <testcase name="checkDataforMovieID" time="0.41" classname="com.themoviedb.movietest.Get_Details_Test"/>
  <testcase name="checkDataforMovieID" time="0.452" classname="com.themoviedb.movietest.Get_Details_Test"/>
  <testcase name="checkDataforMovieID" time="0.472" classname="com.themoviedb.movietest.Get_Details_Test"/>
  <testcase name="checkDataforMovieID" time="0.431" classname="com.themoviedb.movietest.Get_Details_Test"/>
  <testcase name="checkDataforMovieID" time="0.437" classname="com.themoviedb.movietest.Get_Details_Test"/>
  <testcase name="validateSearch" time="8.996" classname="com.themoviedb.movietest.Get_Post_Delete_Rating_Test"/>
  <testcase name="Neg_Case_SessionID_For_Delete" time="2.748" classname="com.themoviedb.movietest.Neg_Case_SessionID_For_Delete_Test"/>
  <testcase name="Neg_Case_Wrong_ApiKey" time="0.423" classname="com.themoviedb.movietest.Neg_Case_Wrong_ApiKey_Test"/>
  <testcase name="Neg_Case_Wrong_ApiKey" time="0.394" classname="com.themoviedb.movietest.Neg_Case_Wrong_ApiKey_Test"/>
  <testcase name="Neg_Case_Wrong_ApiKey" time="0.398" classname="com.themoviedb.movietest.Neg_Case_Wrong_ApiKey_Test"/>
  <testcase name="Neg_Case_Wrong_ApiKey" time="0.388" classname="com.themoviedb.movietest.Neg_Case_Wrong_ApiKey_Test"/>
  <testcase name="Neg_Case_Wrong_ApiKey" time="0.393" classname="com.themoviedb.movietest.Neg_Case_Wrong_ApiKey_Test"/>
  <testcase name="Neg_Case_Wrong_ApiKey" time="0.496" classname="com.themoviedb.movietest.Neg_Case_Wrong_ApiKey_Test"/>
  <testcase name="Neg_Case_Wrong_Rating" time="0.796" classname="com.themoviedb.movietest.Neg_Case_Wrong_Rating_Test"/>
  <testcase name="Neg_Case_Wrong_Rating" time="0.821" classname="com.themoviedb.movietest.Neg_Case_Wrong_Rating_Test"/>
  <testcase name="Neg_Case_Wrong_Rating" time="0.792" classname="com.themoviedb.movietest.Neg_Case_Wrong_Rating_Test"/>
  <testcase name="Neg_Case_Wrong_Rating" time="0.79" classname="com.themoviedb.movietest.Neg_Case_Wrong_Rating_Test"/>
  <testcase name="Neg_Case_Wrong_Rating" time="0.784" classname="com.themoviedb.movietest.Neg_Case_Wrong_Rating_Test"/>
  <testcase name="Post_Call_Movie_Rating" time="0.851" classname="com.themoviedb.movietest.Post_Call_Movie_Rating_Test"/>
  <testcase name="Post_Call_Movie_Rating" time="0.85" classname="com.themoviedb.movietest.Post_Call_Movie_Rating_Test"/>
  <testcase name="Post_Call_Movie_Rating" time="1.174" classname="com.themoviedb.movietest.Post_Call_Movie_Rating_Test"/>
  <testcase name="Post_Call_Movie_Rating" time="0.806" classname="com.themoviedb.movietest.Post_Call_Movie_Rating_Test"/>
  <testcase name="Post_Call_Movie_Rating" time="0.942" classname="com.themoviedb.movietest.Post_Call_Movie_Rating_Test"/>
  <testcase name="Validate_Network" time="3.172" classname="com.themoviedb.movietest.Validate_Network_with_id_Test"/>
  <testcase name="Validate_People_Details" time="2.701" classname="com.themoviedb.movietest.Validate_People_Details_Test"/>
  <testcase name="Validate_Trending_feature" time="0.603" classname="com.themoviedb.movietest.Validate_Trending_Test"/>
  <testcase name="validateSearch" time="0.401" classname="com.themoviedb.movietest.Validating_Search_Test"/>
  <testcase name="validateSearch" time="0.408" classname="com.themoviedb.movietest.Validating_Search_Test"/>
  <testcase name="validateSearch" time="0.393" classname="com.themoviedb.movietest.Validating_Search_Test"/>
  <testcase name="validateSearch" time="0.441" classname="com.themoviedb.movietest.Validating_Search_Test"/>
  <testcase name="validateSearch" time="0.414" classname="com.themoviedb.movietest.Validating_Search_Test"/>
</testsuite> <!-- Test 1 -->
